<?xml version="1.0" encoding="UTF-8"?>
<testng-results ignored="0" total="1" passed="1" failed="0" skipped="0">
  <reporter-output>
  </reporter-output>
  <suite started-at="2024-06-01T16:30:29 IST" name="Suite" finished-at="2024-06-01T16:30:33 IST" duration-ms="4093">
    <groups>
    </groups>
    <test started-at="2024-06-01T16:30:29 IST" name="Test" finished-at="2024-06-01T16:30:33 IST" duration-ms="4093">
      <class name="com.task.fancode.FancodeTask">
        <test-method is-config="true" signature="setupReport()[pri:0, instance:com.task.fancode.FancodeTask@3b35a229]" started-at="2024-06-01T16:30:29 IST" name="setupReport" finished-at="2024-06-01T16:30:30 IST" duration-ms="262" status="PASS">
          <reporter-output>
          </reporter-output>
        </test-method> <!-- setupReport -->
        <test-method is-config="true" signature="setUp()[pri:0, instance:com.task.fancode.FancodeTask@3b35a229]" started-at="2024-06-01T16:30:30 IST" name="setUp" finished-at="2024-06-01T16:30:30 IST" duration-ms="17" status="PASS">
          <reporter-output>
          </reporter-output>
        </test-method> <!-- setUp -->
        <test-method signature="validateUserTaskCompletion()[pri:0, instance:com.task.fancode.FancodeTask@3b35a229]" started-at="2024-06-01T16:30:30 IST" name="validateUserTaskCompletion" finished-at="2024-06-01T16:30:33 IST" duration-ms="3039" status="PASS">
          <reporter-output>
          </reporter-output>
        </test-method> <!-- validateUserTaskCompletion -->
        <test-method is-config="true" signature="captureResult(org.testng.ITestResult)[pri:0, instance:com.task.fancode.FancodeTask@3b35a229]" started-at="2024-06-01T16:30:33 IST" name="captureResult" finished-at="2024-06-01T16:30:33 IST" duration-ms="9" status="PASS">
          <params>
            <param index="0">
              <value>
                <![CDATA[[TestResult name=validateUserTaskCompletion status=SUCCESS method=FancodeTask.validateUserTaskCompletion()[pri:0, instance:com.task.fancode.FancodeTask@3b35a229] output={null}]]]>
              </value>
            </param>
          </params>
          <reporter-output>
          </reporter-output>
        </test-method> <!-- captureResult -->
        <test-method is-config="true" signature="tearDownReport()[pri:0, instance:com.task.fancode.FancodeTask@3b35a229]" started-at="2024-06-01T16:30:33 IST" name="tearDownReport" finished-at="2024-06-01T16:30:33 IST" duration-ms="710" status="PASS">
          <reporter-output>
          </reporter-output>
        </test-method> <!-- tearDownReport -->
      </class> <!-- com.task.fancode.FancodeTask -->
    </test> <!-- Test -->
  </suite> <!-- Suite -->
</testng-results>
